<?xml version="1.0" encoding="UTF-8"?>
<testng-results skipped="0" failed="1" ignored="0" total="6" passed="5">
  <reporter-output>
  </reporter-output>
  <suite name="My Social Media Test Suite" duration-ms="77627" started-at="2020-08-18T12:25:21Z" finished-at="2020-08-18T12:26:38Z">
    <groups>
    </groups>
    <test name="Google Test" duration-ms="24846" started-at="2020-08-18T12:25:21Z" finished-at="2020-08-18T12:25:45Z">
      <class name="app.tests.GoogleTest">
        <test-method status="PASS" signature="setup(java.lang.String)[pri:0, instance:app.tests.GoogleTest@6d4b1c02]" name="setup" is-config="true" duration-ms="10532" started-at="2020-08-18T12:25:21Z" finished-at="2020-08-18T12:25:31Z">
          <params>
            <param index="0">
              <value>
                <![CDATA[firefox]]>
              </value>
            </param>
          </params>
          <reporter-output>
          </reporter-output>
        </test-method> <!-- setup -->
        <test-method status="PASS" signature="googleTitleTest()[pri:0, instance:app.tests.GoogleTest@6d4b1c02]" name="googleTitleTest" duration-ms="3746" started-at="2020-08-18T12:25:31Z" finished-at="2020-08-18T12:25:35Z">
          <reporter-output>
          </reporter-output>
        </test-method> <!-- googleTitleTest -->
        <test-method status="PASS" signature="teardown()[pri:0, instance:app.tests.GoogleTest@6d4b1c02]" name="teardown" is-config="true" duration-ms="1279" started-at="2020-08-18T12:25:35Z" finished-at="2020-08-18T12:25:36Z">
          <reporter-output>
          </reporter-output>
        </test-method> <!-- teardown -->
        <test-method status="PASS" signature="setup(java.lang.String)[pri:0, instance:app.tests.GoogleTest@6d4b1c02]" name="setup" is-config="true" duration-ms="5655" started-at="2020-08-18T12:25:36Z" finished-at="2020-08-18T12:25:42Z">
          <params>
            <param index="0">
              <value>
                <![CDATA[firefox]]>
              </value>
            </param>
          </params>
          <reporter-output>
          </reporter-output>
        </test-method> <!-- setup -->
        <test-method status="PASS" signature="googleURLTest()[pri:0, instance:app.tests.GoogleTest@6d4b1c02]" name="googleURLTest" duration-ms="2324" started-at="2020-08-18T12:25:42Z" finished-at="2020-08-18T12:25:44Z">
          <reporter-output>
          </reporter-output>
        </test-method> <!-- googleURLTest -->
        <test-method status="PASS" signature="teardown()[pri:0, instance:app.tests.GoogleTest@6d4b1c02]" name="teardown" is-config="true" duration-ms="1269" started-at="2020-08-18T12:25:44Z" finished-at="2020-08-18T12:25:45Z">
          <reporter-output>
          </reporter-output>
        </test-method> <!-- teardown -->
      </class> <!-- app.tests.GoogleTest -->
    </test> <!-- Google Test -->
    <test name="FreshWorks Test" duration-ms="34644" started-at="2020-08-18T12:25:46Z" finished-at="2020-08-18T12:26:20Z">
      <class name="app.tests.FreshWorksTest">
        <test-method status="PASS" signature="setup(java.lang.String)[pri:0, instance:app.tests.FreshWorksTest@3fee9989]" name="setup" is-config="true" duration-ms="5689" started-at="2020-08-18T12:25:46Z" finished-at="2020-08-18T12:25:51Z">
          <params>
            <param index="0">
              <value>
                <![CDATA[firefox]]>
              </value>
            </param>
          </params>
          <reporter-output>
          </reporter-output>
        </test-method> <!-- setup -->
        <test-method status="PASS" signature="freshWorkTitleTest()[pri:0, instance:app.tests.FreshWorksTest@3fee9989]" name="freshWorkTitleTest" duration-ms="9820" started-at="2020-08-18T12:25:51Z" finished-at="2020-08-18T12:26:01Z">
          <reporter-output>
          </reporter-output>
        </test-method> <!-- freshWorkTitleTest -->
        <test-method status="PASS" signature="teardown()[pri:0, instance:app.tests.FreshWorksTest@3fee9989]" name="teardown" is-config="true" duration-ms="1474" started-at="2020-08-18T12:26:01Z" finished-at="2020-08-18T12:26:03Z">
          <reporter-output>
          </reporter-output>
        </test-method> <!-- teardown -->
        <test-method status="PASS" signature="setup(java.lang.String)[pri:0, instance:app.tests.FreshWorksTest@3fee9989]" name="setup" is-config="true" duration-ms="6168" started-at="2020-08-18T12:26:03Z" finished-at="2020-08-18T12:26:09Z">
          <params>
            <param index="0">
              <value>
                <![CDATA[firefox]]>
              </value>
            </param>
          </params>
          <reporter-output>
          </reporter-output>
        </test-method> <!-- setup -->
        <test-method status="PASS" signature="freshWorkURLTest()[pri:0, instance:app.tests.FreshWorksTest@3fee9989]" name="freshWorkURLTest" duration-ms="9850" started-at="2020-08-18T12:26:09Z" finished-at="2020-08-18T12:26:19Z">
          <reporter-output>
          </reporter-output>
        </test-method> <!-- freshWorkURLTest -->
        <test-method status="PASS" signature="teardown()[pri:0, instance:app.tests.FreshWorksTest@3fee9989]" name="teardown" is-config="true" duration-ms="1631" started-at="2020-08-18T12:26:19Z" finished-at="2020-08-18T12:26:20Z">
          <reporter-output>
          </reporter-output>
        </test-method> <!-- teardown -->
      </class> <!-- app.tests.FreshWorksTest -->
    </test> <!-- FreshWorks Test -->
    <test name="RediffMailTest Test" duration-ms="17998" started-at="2020-08-18T12:26:20Z" finished-at="2020-08-18T12:26:38Z">
      <class name="app.tests.RediffMailTest">
        <test-method status="PASS" signature="setup(java.lang.String)[pri:0, instance:app.tests.RediffMailTest@5f2108b5]" name="setup" is-config="true" duration-ms="5683" started-at="2020-08-18T12:26:20Z" finished-at="2020-08-18T12:26:26Z">
          <params>
            <param index="0">
              <value>
                <![CDATA[firefox]]>
              </value>
            </param>
          </params>
          <reporter-output>
          </reporter-output>
        </test-method> <!-- setup -->
        <test-method status="PASS" signature="rediffTitleTest()[pri:0, instance:app.tests.RediffMailTest@5f2108b5]" name="rediffTitleTest" duration-ms="3247" started-at="2020-08-18T12:26:26Z" finished-at="2020-08-18T12:26:29Z">
          <reporter-output>
          </reporter-output>
        </test-method> <!-- rediffTitleTest -->
        <test-method status="PASS" signature="teardown()[pri:0, instance:app.tests.RediffMailTest@5f2108b5]" name="teardown" is-config="true" duration-ms="1221" started-at="2020-08-18T12:26:29Z" finished-at="2020-08-18T12:26:30Z">
          <reporter-output>
          </reporter-output>
        </test-method> <!-- teardown -->
        <test-method status="PASS" signature="setup(java.lang.String)[pri:0, instance:app.tests.RediffMailTest@5f2108b5]" name="setup" is-config="true" duration-ms="5665" started-at="2020-08-18T12:26:30Z" finished-at="2020-08-18T12:26:36Z">
          <params>
            <param index="0">
              <value>
                <![CDATA[firefox]]>
              </value>
            </param>
          </params>
          <reporter-output>
          </reporter-output>
        </test-method> <!-- setup -->
        <test-method status="FAIL" signature="rediffURLTest()[pri:0, instance:app.tests.RediffMailTest@5f2108b5]" name="rediffURLTest" duration-ms="1255" started-at="2020-08-18T12:26:36Z" finished-at="2020-08-18T12:26:37Z">
          <exception class="org.openqa.selenium.NoSuchWindowException">
            <message>
              <![CDATA[Browsing context has been discarded
Build info: version: '3.141.59', revision: 'e82be7d358', time: '2018-11-14T08:17:03'
System info: host: 'DESKTOP-RQ9AFM9', ip: '192.168.56.1', os.name: 'Windows 10', os.arch: 'amd64', os.version: '10.0', java.version: '1.8.0_251'
Driver info: org.openqa.selenium.firefox.FirefoxDriver
Capabilities {acceptInsecureCerts: true, browserName: firefox, browserVersion: 78.0.2, javascriptEnabled: true, moz:accessibilityChecks: false, moz:buildID: 20200708170202, moz:geckodriverVersion: 0.26.0, moz:headless: false, moz:processID: 10916, moz:profile: C:\Users\rupal\AppData\Loca..., moz:shutdownTimeout: 60000, moz:useNonSpecCompliantPointerOrigin: false, moz:webdriverClick: true, pageLoadStrategy: normal, platform: WINDOWS, platformName: WINDOWS, platformVersion: 10.0, rotatable: false, setWindowRect: true, strictFileInteractability: false, timeouts: {implicit: 0, pageLoad: 300000, script: 30000}, unhandledPromptBehavior: dismiss and notify}
Session ID: a33b3b0c-ca8e-4c15-8dc4-51628a6e6477]]>
            </message>
            <full-stacktrace>
              <![CDATA[org.openqa.selenium.NoSuchWindowException: Browsing context has been discarded
Build info: version: '3.141.59', revision: 'e82be7d358', time: '2018-11-14T08:17:03'
System info: host: 'DESKTOP-RQ9AFM9', ip: '192.168.56.1', os.name: 'Windows 10', os.arch: 'amd64', os.version: '10.0', java.version: '1.8.0_251'
Driver info: org.openqa.selenium.firefox.FirefoxDriver
Capabilities {acceptInsecureCerts: true, browserName: firefox, browserVersion: 78.0.2, javascriptEnabled: true, moz:accessibilityChecks: false, moz:buildID: 20200708170202, moz:geckodriverVersion: 0.26.0, moz:headless: false, moz:processID: 10916, moz:profile: C:\Users\rupal\AppData\Loca..., moz:shutdownTimeout: 60000, moz:useNonSpecCompliantPointerOrigin: false, moz:webdriverClick: true, pageLoadStrategy: normal, platform: WINDOWS, platformName: WINDOWS, platformVersion: 10.0, rotatable: false, setWindowRect: true, strictFileInteractability: false, timeouts: {implicit: 0, pageLoad: 300000, script: 30000}, unhandledPromptBehavior: dismiss and notify}
Session ID: a33b3b0c-ca8e-4c15-8dc4-51628a6e6477
at sun.reflect.NativeConstructorAccessorImpl.newInstance0(Native Method)
at sun.reflect.NativeConstructorAccessorImpl.newInstance(Unknown Source)
at sun.reflect.DelegatingConstructorAccessorImpl.newInstance(Unknown Source)
at java.lang.reflect.Constructor.newInstance(Unknown Source)
at org.openqa.selenium.remote.http.W3CHttpResponseCodec.createException(W3CHttpResponseCodec.java:187)
at org.openqa.selenium.remote.http.W3CHttpResponseCodec.decode(W3CHttpResponseCodec.java:122)
at org.openqa.selenium.remote.http.W3CHttpResponseCodec.decode(W3CHttpResponseCodec.java:49)
at org.openqa.selenium.remote.HttpCommandExecutor.execute(HttpCommandExecutor.java:158)
at org.openqa.selenium.remote.service.DriverCommandExecutor.execute(DriverCommandExecutor.java:83)
at org.openqa.selenium.remote.RemoteWebDriver.execute(RemoteWebDriver.java:552)
at org.openqa.selenium.remote.RemoteWebDriver.execute(RemoteWebDriver.java:609)
at org.openqa.selenium.remote.RemoteWebDriver.getCurrentUrl(RemoteWebDriver.java:287)
at app.tests.RediffMailTest.rediffURLTest(RediffMailTest.java:20)
at sun.reflect.NativeMethodAccessorImpl.invoke0(Native Method)
at sun.reflect.NativeMethodAccessorImpl.invoke(Unknown Source)
at sun.reflect.DelegatingMethodAccessorImpl.invoke(Unknown Source)
at java.lang.reflect.Method.invoke(Unknown Source)
at org.testng.internal.MethodInvocationHelper.invokeMethod(MethodInvocationHelper.java:124)
at org.testng.internal.Invoker.invokeMethod(Invoker.java:583)
at org.testng.internal.Invoker.invokeTestMethod(Invoker.java:719)
at org.testng.internal.Invoker.invokeTestMethods(Invoker.java:989)
at org.testng.internal.TestMethodWorker.invokeTestMethods(TestMethodWorker.java:125)
at org.testng.internal.TestMethodWorker.run(TestMethodWorker.java:109)
at org.testng.TestRunner.privateRun(TestRunner.java:648)
at org.testng.TestRunner.run(TestRunner.java:505)
at org.testng.SuiteRunner.runTest(SuiteRunner.java:455)
at org.testng.SuiteRunner.access$000(SuiteRunner.java:40)
at org.testng.SuiteRunner$SuiteWorker.run(SuiteRunner.java:489)
at org.testng.internal.thread.ThreadUtil$1.call(ThreadUtil.java:52)
at java.util.concurrent.FutureTask.run(Unknown Source)
at java.util.concurrent.ThreadPoolExecutor.runWorker(Unknown Source)
at java.util.concurrent.ThreadPoolExecutor$Worker.run(Unknown Source)
at java.lang.Thread.run(Unknown Source)
]]>
            </full-stacktrace>
          </exception> <!-- org.openqa.selenium.NoSuchWindowException -->
          <reporter-output>
          </reporter-output>
        </test-method> <!-- rediffURLTest -->
        <test-method status="FAIL" signature="teardown()[pri:0, instance:app.tests.RediffMailTest@5f2108b5]" name="teardown" is-config="true" duration-ms="911" started-at="2020-08-18T12:26:37Z" finished-at="2020-08-18T12:26:38Z">
          <exception class="org.openqa.selenium.WebDriverException">
            <message>
              <![CDATA[Failed to decode response from marionette
Build info: version: '3.141.59', revision: 'e82be7d358', time: '2018-11-14T08:17:03'
System info: host: 'DESKTOP-RQ9AFM9', ip: '192.168.56.1', os.name: 'Windows 10', os.arch: 'amd64', os.version: '10.0', java.version: '1.8.0_251'
Driver info: org.openqa.selenium.firefox.FirefoxDriver
Capabilities {acceptInsecureCerts: true, browserName: firefox, browserVersion: 78.0.2, javascriptEnabled: true, moz:accessibilityChecks: false, moz:buildID: 20200708170202, moz:geckodriverVersion: 0.26.0, moz:headless: false, moz:processID: 10916, moz:profile: C:\Users\rupal\AppData\Loca..., moz:shutdownTimeout: 60000, moz:useNonSpecCompliantPointerOrigin: false, moz:webdriverClick: true, pageLoadStrategy: normal, platform: WINDOWS, platformName: WINDOWS, platformVersion: 10.0, rotatable: false, setWindowRect: true, strictFileInteractability: false, timeouts: {implicit: 0, pageLoad: 300000, script: 30000}, unhandledPromptBehavior: dismiss and notify}
Session ID: a33b3b0c-ca8e-4c15-8dc4-51628a6e6477]]>
            </message>
            <full-stacktrace>
              <![CDATA[org.openqa.selenium.WebDriverException: Failed to decode response from marionette
Build info: version: '3.141.59', revision: 'e82be7d358', time: '2018-11-14T08:17:03'
System info: host: 'DESKTOP-RQ9AFM9', ip: '192.168.56.1', os.name: 'Windows 10', os.arch: 'amd64', os.version: '10.0', java.version: '1.8.0_251'
Driver info: org.openqa.selenium.firefox.FirefoxDriver
Capabilities {acceptInsecureCerts: true, browserName: firefox, browserVersion: 78.0.2, javascriptEnabled: true, moz:accessibilityChecks: false, moz:buildID: 20200708170202, moz:geckodriverVersion: 0.26.0, moz:headless: false, moz:processID: 10916, moz:profile: C:\Users\rupal\AppData\Loca..., moz:shutdownTimeout: 60000, moz:useNonSpecCompliantPointerOrigin: false, moz:webdriverClick: true, pageLoadStrategy: normal, platform: WINDOWS, platformName: WINDOWS, platformVersion: 10.0, rotatable: false, setWindowRect: true, strictFileInteractability: false, timeouts: {implicit: 0, pageLoad: 300000, script: 30000}, unhandledPromptBehavior: dismiss and notify}
Session ID: a33b3b0c-ca8e-4c15-8dc4-51628a6e6477
at sun.reflect.NativeConstructorAccessorImpl.newInstance0(Native Method)
at sun.reflect.NativeConstructorAccessorImpl.newInstance(Unknown Source)
at sun.reflect.DelegatingConstructorAccessorImpl.newInstance(Unknown Source)
at java.lang.reflect.Constructor.newInstance(Unknown Source)
at org.openqa.selenium.remote.http.W3CHttpResponseCodec.createException(W3CHttpResponseCodec.java:187)
at org.openqa.selenium.remote.http.W3CHttpResponseCodec.decode(W3CHttpResponseCodec.java:122)
at org.openqa.selenium.remote.http.W3CHttpResponseCodec.decode(W3CHttpResponseCodec.java:49)
at org.openqa.selenium.remote.HttpCommandExecutor.execute(HttpCommandExecutor.java:158)
at org.openqa.selenium.remote.service.DriverCommandExecutor.execute(DriverCommandExecutor.java:83)
at org.openqa.selenium.remote.RemoteWebDriver.execute(RemoteWebDriver.java:552)
at org.openqa.selenium.remote.RemoteWebDriver.execute(RemoteWebDriver.java:609)
at org.openqa.selenium.remote.RemoteWebDriver.quit(RemoteWebDriver.java:452)
at app.tests.BaseTest.teardown(BaseTest.java:54)
at sun.reflect.NativeMethodAccessorImpl.invoke0(Native Method)
at sun.reflect.NativeMethodAccessorImpl.invoke(Unknown Source)
at sun.reflect.DelegatingMethodAccessorImpl.invoke(Unknown Source)
at java.lang.reflect.Method.invoke(Unknown Source)
at org.testng.internal.MethodInvocationHelper.invokeMethod(MethodInvocationHelper.java:124)
at org.testng.internal.MethodInvocationHelper.invokeMethodConsideringTimeout(MethodInvocationHelper.java:59)
at org.testng.internal.Invoker.invokeConfigurationMethod(Invoker.java:458)
at org.testng.internal.Invoker.invokeConfigurations(Invoker.java:222)
at org.testng.internal.Invoker.invokeMethod(Invoker.java:646)
at org.testng.internal.Invoker.invokeTestMethod(Invoker.java:719)
at org.testng.internal.Invoker.invokeTestMethods(Invoker.java:989)
at org.testng.internal.TestMethodWorker.invokeTestMethods(TestMethodWorker.java:125)
at org.testng.internal.TestMethodWorker.run(TestMethodWorker.java:109)
at org.testng.TestRunner.privateRun(TestRunner.java:648)
at org.testng.TestRunner.run(TestRunner.java:505)
at org.testng.SuiteRunner.runTest(SuiteRunner.java:455)
at org.testng.SuiteRunner.access$000(SuiteRunner.java:40)
at org.testng.SuiteRunner$SuiteWorker.run(SuiteRunner.java:489)
at org.testng.internal.thread.ThreadUtil$1.call(ThreadUtil.java:52)
at java.util.concurrent.FutureTask.run(Unknown Source)
at java.util.concurrent.ThreadPoolExecutor.runWorker(Unknown Source)
at java.util.concurrent.ThreadPoolExecutor$Worker.run(Unknown Source)
at java.lang.Thread.run(Unknown Source)
]]>
            </full-stacktrace>
          </exception> <!-- org.openqa.selenium.WebDriverException -->
          <reporter-output>
          </reporter-output>
        </test-method> <!-- teardown -->
      </class> <!-- app.tests.RediffMailTest -->
    </test> <!-- RediffMailTest Test -->
  </suite> <!-- My Social Media Test Suite -->
</testng-results>
